make: Entering directory `/home/travis/build/ithron/CortidQCT'
make[1]: Entering directory `/home/travis/build/ithron/CortidQCT'
make[2]: Entering directory `/home/travis/build/ithron/CortidQCT'
make[3]: Entering directory `/home/travis/build/ithron/CortidQCT'
Scanning dependencies of target doc
make[3]: Leaving directory `/home/travis/build/ithron/CortidQCT'
make[3]: Entering directory `/home/travis/build/ithron/CortidQCT'
[100%] Generating documentation
Searching for include files...
Searching for example files...
Searching for images...
Searching for dot files...
Searching for msc files...
Searching for dia files...
Searching for files to exclude
Searching for files to process...
Searching for files in directory /home/travis/build/ithron/CortidQCT/include
Searching for files in directory /home/travis/build/ithron/CortidQCT/include/CortidQCT
Searching for files in directory /home/travis/build/ithron/CortidQCT/include/CortidQCT/src
Searching for files in directory /home/travis/build/ithron/CortidQCT/lib
Searching for files in directory /home/travis/build/ithron/CortidQCT/lib/_3rdParty
Searching for files in directory /home/travis/build/ithron/CortidQCT/lib/_3rdParty/Hunter
Searching for files in directory /home/travis/build/ithron/CortidQCT/lib/_3rdParty/Hunter/git-archives
Searching for files in directory /home/travis/build/ithron/CortidQCT/lib/CMakeFiles
Searching for files in directory /home/travis/build/ithron/CortidQCT/lib/optional
Searching for files in directory /home/travis/build/ithron/CortidQCT/common
Searching for files in directory /home/travis/build/ithron/CortidQCT/common/CMakeFiles
Reading and parsing tag files
Parsing files
Reading /home/travis/build/ithron/CortidQCT/README.md...
Preprocessing /home/travis/build/ithron/CortidQCT/include/CortidQCT/CortidQCT.h...
Parsing file /home/travis/build/ithron/CortidQCT/include/CortidQCT/CortidQCT.h...
Preprocessing /home/travis/build/ithron/CortidQCT/include/CortidQCT/src/ColorToLabelMap.h...
Parsing file /home/travis/build/ithron/CortidQCT/include/CortidQCT/src/ColorToLabelMap.h...
Preprocessing /home/travis/build/ithron/CortidQCT/include/CortidQCT/src/DiscreteRange.h...
Parsing file /home/travis/build/ithron/CortidQCT/include/CortidQCT/src/DiscreteRange.h...
Preprocessing /home/travis/build/ithron/CortidQCT/include/CortidQCT/src/filesystem.h...
Parsing file /home/travis/build/ithron/CortidQCT/include/CortidQCT/src/filesystem.h...
Preprocessing /home/travis/build/ithron/CortidQCT/include/CortidQCT/src/LabelToColorMap.h...
Parsing file /home/travis/build/ithron/CortidQCT/include/CortidQCT/src/LabelToColorMap.h...
Preprocessing /home/travis/build/ithron/CortidQCT/include/CortidQCT/src/MeasurementModel.h...
Parsing file /home/travis/build/ithron/CortidQCT/include/CortidQCT/src/MeasurementModel.h...
Preprocessing /home/travis/build/ithron/CortidQCT/include/CortidQCT/src/Mesh.h...
Parsing file /home/travis/build/ithron/CortidQCT/include/CortidQCT/src/Mesh.h...
Preprocessing /home/travis/build/ithron/CortidQCT/include/CortidQCT/src/MeshFitter.h...
Parsing file /home/travis/build/ithron/CortidQCT/include/CortidQCT/src/MeshFitter.h...
Preprocessing /home/travis/build/ithron/CortidQCT/include/CortidQCT/src/Optional.h...
Parsing file /home/travis/build/ithron/CortidQCT/include/CortidQCT/src/Optional.h...
Preprocessing /home/travis/build/ithron/CortidQCT/include/CortidQCT/src/propagate_const.h...
Parsing file /home/travis/build/ithron/CortidQCT/include/CortidQCT/src/propagate_const.h...
Preprocessing /home/travis/build/ithron/CortidQCT/include/CortidQCT/src/VolumeSize.h...
Parsing file /home/travis/build/ithron/CortidQCT/include/CortidQCT/src/VolumeSize.h...
Preprocessing /home/travis/build/ithron/CortidQCT/include/CortidQCT/src/VoxelSize.h...
Parsing file /home/travis/build/ithron/CortidQCT/include/CortidQCT/src/VoxelSize.h...
Preprocessing /home/travis/build/ithron/CortidQCT/include/CortidQCT/src/VoxelVolume.h...
Parsing file /home/travis/build/ithron/CortidQCT/include/CortidQCT/src/VoxelVolume.h...
Preprocessing /home/travis/build/ithron/CortidQCT/lib/CheckExtension.h...
Parsing file /home/travis/build/ithron/CortidQCT/lib/CheckExtension.h...
Preprocessing /home/travis/build/ithron/CortidQCT/lib/ColorToLabelMapIO.cpp...
Parsing file /home/travis/build/ithron/CortidQCT/lib/ColorToLabelMapIO.cpp...
Preprocessing /home/travis/build/ithron/CortidQCT/lib/ColorToLabelMapIO.h...
Parsing file /home/travis/build/ithron/CortidQCT/lib/ColorToLabelMapIO.h...
Preprocessing /home/travis/build/ithron/CortidQCT/lib/CommonMath.h...
Parsin/home/travis/build/ithron/CortidQCT/lib/lib_config.h:2: warning: the name `lib_config.h.in' supplied as the second argument in the \file statement is not an input file
/home/travis/build/ithron/CortidQCT/include/CortidQCT/src/ColorToLabelMap.h:29: warning: Compound std::hash< CortidQCT::ColorRGB > is not documented.
/home/travis/build/ithron/CortidQCT/lib/EigenAdaptors.h:65: warning: Compound CortidQCT::Adaptor::Detail_::ConstructionHelper< std::array< T, N >, 0 > is not documented.
/home/travis/build/ithron/CortidQCT/lib/Sampler.h:24: warning: Compound CortidQCT::VolumeSampler is not documented.
/home/travis/build/ithron/CortidQCT/include/CortidQCT/src/MeshFitter.h:16: warning: Compound CortidQCT::Coordinate3D is not documented.
/home/travis/build/ithron/CortidQCT/lib/EigenAdaptors.h:44: warning: Compound CortidQCT::Adaptor::Detail_::ConstructionHelper is not documented.
/home/travis/build/ithron/CortidQCT/lib/MeshFitterImpl.h:18: warning: Compound CortidQCT::MeshFitter::Impl is not documented.
/home/travis/build/ithron/CortidQCT/lib/EigenAdaptors.h:56: warning: Compound CortidQCT::Adaptor::Detail_::ConstructionHelper< T, 0 > is not documented.
/home/travis/build/ithron/CortidQCT/lib/Sampler.h:133: warning: Compound CortidQCT::ModelSampler is not documented.
/home/travis/build/ithron/CortidQCT/lib/DisplacementOptimizer.cpp:189: warning: documented symbol `template DisplacementOptimizer::DisplacementsWeightsPair CortidQCT::Internal::DisplacementOptimizer::operator' was not declared or defined.
/home/travis/build/ithron/CortidQCT/lib/DisplacementOptimizer.cpp:190: warning: documented symbol `template DisplacementOptimizer::DisplacementsWeightsPair CortidQCT::Internal::Eigen::VectorXf' was not declared or defined.
/home/travis/build/ithron/CortidQCT/lib/DisplacementOptimizer.cpp:195: warning: documented symbol `template DisplacementOptimizer::DisplacementsWeightsPair CortidQCT::Internal::DisplacementOptimizer::operator' was not declared or defined.
/home/travis/build/ithron/CortidQCT/lib/DisplacementOptimizer.cpp:196: warning: documented symbol `template DisplacementOptimizer::DisplacementsWeightsPair CortidQCT::Internal::Eigen::VectorXd' was not declared or defined.
/home/travis/build/ithron/CortidQCT/lib/DisplacementOptimizer.h:63: warning: documented symbol `template DisplacementOptimizer::DisplacementsWeightsPair CortidQCT::Internal::DisplacementOptimizer::operator' was not declared or defined.
/home/travis/build/ithron/CortidQCT/lib/DisplacementOptimizer.h:64: warning: documented symbol `template DisplacementOptimizer::DisplacementsWeightsPair CortidQCT::Internal::Eigen::VectorXf' was not declared or defined.
/home/travis/build/ithron/CortidQCT/lib/DisplacementOptimizer.h:70: warning: documented symbol `template DisplacementOptimizer::DisplacementsWeightsPair CortidQCT::Internal::DisplacementOptimizer::operator' was not declared or defined.
/home/travis/build/ithron/CortidQCT/lib/DisplacementOptimizer.h:71: warning: documented symbol `template DisplacementOptimizer::DisplacementsWeightsPair CortidQCT::Internal::Eigen::VectorXd' was not declared or defined.
g file /home/travis/build/ithron/CortidQCT/lib/CommonMath.h...
Preprocessing /home/travis/build/ithron/CortidQCT/lib/CortidQCT.cpp...
Parsing file /home/travis/build/ithron/CortidQCT/lib/CortidQCT.cpp...
Preprocessing /home/travis/build/ithron/CortidQCT/lib/DiscreteRangeDecorators.h...
Parsing file /home/travis/build/ithron/CortidQCT/lib/DiscreteRangeDecorators.h...
Preprocessing /home/travis/build/ithron/CortidQCT/lib/DisplacementOptimizer.cpp...
Parsing file /home/travis/build/ithron/CortidQCT/lib/DisplacementOptimizer.cpp...
Preprocessing /home/travis/build/ithron/CortidQCT/lib/DisplacementOptimizer.h...
Parsing file /home/travis/build/ithron/CortidQCT/lib/DisplacementOptimizer.h...
Preprocessing /home/travis/build/ithron/CortidQCT/lib/EigenAdaptors.h...
Parsing file /home/travis/build/ithron/CortidQCT/lib/EigenAdaptors.h...
Preprocessing /home/travis/build/ithron/CortidQCT/lib/lib_config.h...
Parsing file /home/travis/build/ithron/CortidQCT/lib/lib_config.h...
Preprocessing /home/travis/build/ithron/CortidQCT/lib/MatrixIO.h...
Parsing file /home/travis/build/ithron/CortidQCT/lib/MatrixIO.h...
Preprocessing /home/travis/build/ithron/CortidQCT/lib/MeasurementModel.cpp...
Parsing file /home/travis/build/ithron/CortidQCT/lib/MeasurementModel.cpp...
Preprocessing /home/travis/build/ithron/CortidQCT/lib/Mesh.cpp...
Parsing file /home/travis/build/ithron/CortidQCT/lib/Mesh.cpp...
Preprocessing /home/travis/build/ithron/CortidQCT/lib/MeshFitter.cpp...
Parsing file /home/travis/build/ithron/CortidQCT/lib/MeshFitter.cpp...
Preprocessing /home/travis/build/ithron/CortidQCT/lib/MeshFitterConfiguration.cpp...
Parsing file /home/travis/build/ithron/CortidQCT/lib/MeshFitterConfiguration.cpp...
Preprocessing /home/travis/build/ithron/CortidQCT/lib/MeshFitterImpl.cpp...
Parsing file /home/travis/build/ithron/CortidQCT/lib/MeshFitterImpl.cpp...
Preprocessing /home/travis/build/ithron/CortidQCT/lib/MeshFitterImpl.h...
Parsing file /home/travis/build/ithron/CortidQCT/lib/MeshFitterImpl.h...
Preprocessing /home/travis/build/ithron/CortidQCT/lib/MeshHelpers.h...
Parsing file /home/travis/build/ithron/CortidQCT/lib/MeshHelpers.h...
Preprocessing /home/travis/build/ithron/CortidQCT/lib/optional/LoadFromBST.h...
Parsing file /home/travis/build/ithron/CortidQCT/lib/optional/LoadFromBST.h...
Preprocessing /home/travis/build/ithron/CortidQCT/lib/Sampler.h...
Parsing file /home/travis/build/ithron/CortidQCT/lib/Sampler.h...
Preprocessing /home/travis/build/ithron/CortidQCT/lib/VoxelVolume.cpp...
Parsing file /home/travis/build/ithron/CortidQCT/lib/VoxelVolume.cpp...
Preprocessing /home/travis/build/ithron/CortidQCT/lib/WeightedARAPFitter.cpp...
Parsing file /home/travis/build/ithron/CortidQCT/lib/WeightedARAPFitter.cpp...
Preprocessing /home/travis/build/ithron/CortidQCT/lib/WeightedARAPFitter.h...
Parsing file /home/travis/build/ithron/CortidQCT/lib/WeightedARAPFitter.h...
Building group list...
Building directory list...
Building namespace list...
Building file list...
Building class list...
Associating documentation with classes...
Computing nesting relations for classes...
Building example list...
Searching for enumerations...
Searching for documented typedefs...
Searching for members imported via using declarations...
Searching for included using directives...
Searching for documented variables...
Building interface member list...
Building member list...
Searching for friends...
Searching for documented defines...
Computing class inheritance relations...
Computing class usage relations...
Flushing cached template relations that have become invalid...
Creating members for template instances...
Computing class relations...
Add enum values to enums...
Searching for member function documentation...
Building page list...
Search for main page...
Computing page relations...
Determining the scope of groups...
Sorting lists...
Freeing entry tree
Determining which enums are documented
Computing member relations...
Building full member lists recursively...
Adding members to member groups.
Computing member references...
Inheriting documentation...
Gene/home/travis/build/ithron/CortidQCT/lib/CheckExtension.h:23: warning: Member extension(std::string const &filename) (function) of namespace CortidQCT::IO is not documented.
/home/travis/build/ithron/CortidQCT/lib/CheckExtension.h:33: warning: Member checkExtensions(std::string const &filename, Extensions &&extensions) (function) of namespace CortidQCT::IO is not documented.
/home/travis/build/ithron/CortidQCT/lib/CommonMath.h:22: warning: Member M_PI (macro definition) of file CommonMath.h is not documented.
/home/travis/build/ithron/CortidQCT/lib/CommonMath.h:29: warning: Member square(T &&x) (function) of namespace CortidQCT::Internal is not documented.
/home/travis/build/ithron/CortidQCT/lib/EigenAdaptors.h:25: warning: Member subscript(T &&x, I i) noexcept(noexcept(std::declval< T >()[i])) (function) of namespace CortidQCT::Adaptor::Detail_ is not documented.
/home/travis/build/ithron/CortidQCT/lib/EigenAdaptors.h:32: warning: Member subscript(Eigen::MatrixBase< Derived > const &x, I i) noexcept(noexcept(x(std::declval< Eigen::Index >()))) (function) of namespace CortidQCT::Adaptor::Detail_ is not documented.
/home/travis/build/ithron/CortidQCT/lib/EigenAdaptors.h:39: warning: Member subscript(Eigen::MatrixBase< Derived > &&x, I i) noexcept(noexcept(x(std::declval< Eigen::Index >()))) (function) of namespace CortidQCT::Adaptor::Detail_ is not documented.
/home/travis/build/ithron/CortidQCT/lib/MeshHelpers.h:26: warning: Member VertexMatrix (typedef) of namespace CortidQCT::Internal is not documented.
/home/travis/build/ithron/CortidQCT/lib/MeshHelpers.h:27: warning: Member NormalMatrix (typedef) of namespace CortidQCT::Internal is not documented.
/home/travis/build/ithron/CortidQCT/lib/MeshHelpers.h:28: warning: Member FacetMatrix (typedef) of namespace CortidQCT::Internal is not documented.
/home/travis/build/ithron/CortidQCT/lib/MeshHelpers.h:30: warning: Member LabelVector (typedef) of namespace CortidQCT::Internal is not documented.
/home/travis/build/ithron/CortidQCT/lib/MeshHelpers.h:32: warning: Member LaplacianMatrix (typedef) of namespace CortidQCT::Internal is not documented.
/home/travis/build/ithron/CortidQCT/include/CortidQCT/src/MeasurementModel.h:30: warning: End of list marker found without any preceding list items
rating disk names...
Adding source references...
Adding xrefitems...
Sorting member lists...
Computing dependencies between directories...
Generating citations page...
Counting data structures...
Resolving user defined references...
Finding anchors and sections in the documentation...
Transferring function references...
Combining using relations...
Adding members to index pages...
Generating style sheet...
Generating search indices...
Generating example documentation...
Generating file sources...
Generating code for file include/CortidQCT/CortidQCT.h...
Generating code for file include/CortidQCT/src/ColorToLabelMap.h...
Generating code for file include/CortidQCT/src/DiscreteRange.h...
Generating code for file include/CortidQCT/src/filesystem.h...
Generating code for file include/CortidQCT/src/LabelToColorMap.h...
Generating code for file include/CortidQCT/src/MeasurementModel.h...
Generating code for file include/CortidQCT/src/Mesh.h...
Generating code for file include/CortidQCT/src/MeshFitter.h...
Generating code for file include/CortidQCT/src/Optional.h...
Generating code for file include/CortidQCT/src/propagate_const.h...
Generating code for file include/CortidQCT/src/VolumeSize.h...
Generating code for file include/CortidQCT/src/VoxelSize.h...
Generating code for file include/CortidQCT/src/VoxelVolume.h...
Generating code for file lib/CheckExtension.h...
Generating code for file lib/ColorToLabelMapIO.h...
Generating code for file lib/CommonMath.h...
Generating code for file lib/DiscreteRangeDecorators.h...
Generating code for file lib/DisplacementOptimizer.h...
Generating code for file lib/EigenAdaptors.h...
Generating code for file lib/lib_config.h...
Generating code for file lib/MatrixIO.h...
Generating code for file lib/MeshFitterImpl.h...
Generating code for file lib/MeshHelpers.h...
Generating code for file lib/optional/LoadFromBST.h...
Generating code for file lib/Sampler.h...
Generating code for file lib/WeightedARAPFitter.h...
Generating file documentation...
Generating docs for file include/CortidQCT/CortidQCT.h...
Generating docs for file include/CortidQCT/src/ColorToLabelMap.h...
Generating docs for file include/CortidQCT/src/DiscreteRange.h...
Generating docs for file include/CortidQCT/src/filesystem.h...
Generating docs for file include/CortidQCT/src/LabelToColorMap.h...
Generating docs for file include/CortidQCT/src/MeasurementModel.h...
Generating docs for file include/CortidQCT/src/Mesh.h...
Generating docs for file include/CortidQCT/src/Optional.h...
Generating docs for file include/CortidQCT/src/VolumeSize.h...
Generating docs for file include/CortidQCT/src/VoxelSize.h...
Generating docs for file include/CortidQCT/src/VoxelVolume.h...
Generating docs for file lib/CheckExtension.h...
Generating docs for file lib/ColorToLabelMapIO.cpp...
Generating docs for file lib/ColorToLabelMapIO.h...
Generating docs for file lib/CommonMath.h...
Generating docs for file lib/DiscreteRangeDecorators.h...
Generating docs for file lib/DisplacementOptimizer.cpp...
Generating docs for file lib/DisplacementOptimizer.h...
Generating docs for file lib/EigenAdaptors.h...
Generating docs for file lib/MatrixIO.h...
Generating docs for file lib/MeasurementModel.cpp...
Generating docs for file lib/Mesh.cpp...
Generating docs for file lib/MeshFitter.cpp...
Generating docs for file lib/MeshFitterConfiguration.cpp...
Generating docs for file lib/MeshFitterImpl.cpp...
Generating docs for file lib/MeshFitterImpl.h...
Generating docs for file lib/MeshHelpers.h...
Generating docs for file lib/optional/LoadFromBST.h...
Generating docs for file lib/Sampler.h...
Generating docs for file lib/VoxelVolume.cpp...
Generating docs for file lib/WeightedARAPFitter.cpp...
Generating docs for file lib/WeightedARAPFitter.h...
Generating page documentation...
Generating group documentation...
Generating class documentation...
Generating namespace index...
Generating docs for namespace CortidQCT
Generating docs for compound CortidQCT::DiscreteRange...
Generating docs for compound CortidQCT::MeasurementModel...
Generating docs for compound CortidQCT::/home/travis/build/ithron/CortidQCT/include/CortidQCT/src/Mesh.h:29: warning: End of list marker found without any preceding list items
/home/travis/build/ithron/CortidQCT/include/CortidQCT/src/MeshFitter.h:17: warning: Member Type (enumeration) of class CortidQCT::Coordinate3D is not documented.
/home/travis/build/ithron/CortidQCT/include/CortidQCT/src/MeshFitter.h:19: warning: Member xyz (variable) of class CortidQCT::Coordinate3D is not documented.
/home/travis/build/ithron/CortidQCT/include/CortidQCT/src/MeshFitter.h:20: warning: Member type (variable) of class CortidQCT::Coordinate3D is not documented.
/home/travis/build/ithron/CortidQCT/include/CortidQCT/src/MeshFitter.h:132: warning: Member MeshFitter(MeshFitter const &) (function) of class CortidQCT::MeshFitter is not documented.
/home/travis/build/ithron/CortidQCT/include/CortidQCT/src/MeshFitter.h:133: warning: Member MeshFitter(MeshFitter &&) noexcept (function) of class CortidQCT::MeshFitter is not documented.
/home/travis/build/ithron/CortidQCT/include/CortidQCT/src/MeshFitter.h:134: warning: Member operator=(MeshFitter const &) (function) of class CortidQCT::MeshFitter is not documented.
/home/travis/build/ithron/CortidQCT/include/CortidQCT/src/MeshFitter.h:135: warning: Member operator=(MeshFitter &&) noexcept (function) of class CortidQCT::MeshFitter is not documented.
/home/travis/build/ithron/CortidQCT/include/CortidQCT/src/MeshFitter.h:137: warning: Member swap(MeshFitter &rhs) noexcept (function) of class CortidQCT::MeshFitter is not documented.
/home/travis/build/ithron/CortidQCT/include/CortidQCT/src/MeshFitter.h:25: warning: End of list marker found without any preceding list items
/home/travis/build/ithron/CortidQCT/include/CortidQCT/src/MeshFitter.h:34: warning: Member OriginType (enumeration) of class CortidQCT::MeshFitter::Configuration is not documented.
/home/travis/build/ithron/CortidQCT/include/CortidQCT/src/MeshFitter.h:35: warning: Member Origin (typedef) of class CortidQCT::MeshFitter::Configuration is not documented.
/home/travis/build/ithron/CortidQCT/include/CortidQCT/src/MeshFitter.h:36: warning: Member ScaleVector (typedef) of class CortidQCT::MeshFitter::Configuration is not documented.
/home/travis/build/ithron/CortidQCT/include/CortidQCT/src/MeshFitter.h:38: warning: Member RotationVector (typedef) of class CortidQCT::MeshFitter::Configuration is not documented.
/home/travis/build/ithron/CortidQCT/lib/MeshFitterImpl.h:23: warning: Member Impl(MeshFitter &meshFitter) (function) of class CortidQCT::MeshFitter::Impl is not documented.
/home/travis/build/ithron/CortidQCT/lib/MeshFitterImpl.h:27: warning: Member Impl(Impl const &)=delete (function) of class CortidQCT::MeshFitter::Impl is not documented.
/home/travis/build/ithron/CortidQCT/lib/MeshFitterImpl.h:28: warning: Member Impl(Impl &&) noexcept=delete (function) of class CortidQCT::MeshFitter::Impl is not documented.
/home/travis/build/ithron/CortidQCT/lib/MeshFitterImpl.h:30: warning: Member operator=(Impl const &)=delete (function) of class CortidQCT::MeshFitter::Impl is not documented.
/home/travis/build/ithron/CortidQCT/lib/MeshFitterImpl.h:31: warning: Member operator=(Impl &&)=delete (function) of class CortidQCT::MeshFitter::Impl is not documented.
/home/travis/build/ithron/CortidQCT/lib/MeshFitterImpl.h:33: warning: Member Impl(Impl const &, MeshFitter &rhsFitter) (function) of class CortidQCT::MeshFitter::Impl is not documented.
/home/travis/build/ithron/CortidQCT/lib/MeshFitterImpl.h:35: warning: Member Impl(Impl &&, MeshFitter &rhsFitter) noexcept (function) of class CortidQCT::MeshFitter::Impl is not documented.
/home/travis/build/ithron/CortidQCT/lib/MeshFitterImpl.h:39: warning: Member fit(VoxelVolume const &volume) (function) of class CortidQCT::MeshFitter::Impl is not documented.
/home/travis/build/ithron/CortidQCT/lib/MeshFitterImpl.h:41: warning: Member fitter_ (variable) of class CortidQCT::MeshFitter::Impl is not documented.
/home/travis/build/ithron/CortidQCT/include/CortidQCT/src/VoxelVolume.h:29: warning: End of list marker found without any preceding list items
/home/travis/build/ithron/CortidQCT/lib/MatrixIO.h:26: warning: Member MartrixIOWrapper(Eigen::MatrixBase< MatrixType > &matrix) (function) of class CortidQCT::MartrixIOWrapper is not documented.
/home/travis/build/ithron/CortidQCT/lib/Sampler.h:29: warning: Member VolumeSampler(VoxelVolume const &vol, VoxelVolume::ValueType outside_=VoxelVolume::ValueType{0}) noexcept (function) of class CortidQCT::VolumeSampler is not documented.
/home/travis/build/ithron/CortidQCT/lib/Sampler.h:35: warning: Member operator()(Eigen::MatrixBase< Derived > const &positions, Eigen::MatrixBase< DerivedOut > &values) const  (function) of class CortidQCT::VolumeSampler is not documented.
/home/travis/build/ithron/CortidQCT/lib/Sampler.h:63: warning: Member operator()(Eigen::MatrixBase< Derived > const &positions) const  (function) of class CortidQCT::VolumeSampler is not documented.
/home/travis/build/ithron/CortidQCT/lib/Sampler.h:27: warning: Member outside (variable) of class CortidQCT::VolumeSampler is not documented.
/home/travis/build/ithron/CortidQCT/lib/Sampler.h:136: warning: Member ModelSampler(MeasurementModel const &model) noexcept (function) of class CortidQCT::ModelSampler is not documented.
/home/travis/build/ithron/CortidQCT/lib/Sampler.h:140: warning: Member operator()(Eigen::MatrixBase< DerivedIn > const &positions, float offset, VectorOut &&values) const  (function) of class CortidQCT::ModelSampler is not documented.
/home/travis/build/ithron/CortidQCT/lib/Sampler.h:176: warning: Member operator()(Eigen::MatrixBase< Derived > const &positions, float offset) const  (function) of class CortidQCT::ModelSampler is not documented.
/home/travis/build/ithron/CortidQCT/lib/EigenAdaptors.h:46: warning: Member operator()(P &&param, Args &&...args) const noexcept(noexcept(ConstructionHelper< T, N-1 >{}(std::forward< P >(param), subscript(param, N-1), std::forward< Args >(args)...))) (function) of class CortidQCT::Adaptor::Detail_::ConstructionHelper is not documented.
/home/travis/build/ithron/CortidQCT/lib/EigenAdaptors.h:58: warning: Member operator()(P &&, Args &&...args) const noexcept(noexcept(T{std::forward< Args >(args)...})) (function) of class CortidQCT::Adaptor::Detail_::ConstructionHelper< T, 0 > is not documented.
/home/travis/build/ithron/CortidQCT/lib/EigenAdaptors.h:67: warning: Member operator()(P &&, Args &&...args) const noexcept(noexcept(std::array< T, N >{{std::forward< Args >(args)...}})) (function) of class CortidQCT::Adaptor::Detail_::ConstructionHelper< std::array< T, N >, 0 > is not documented.
/home/travis/build/ithron/CortidQCT/include/CortidQCT/src/ColorToLabelMap.h:100: warning: Member LabelType (typedef) of class CortidQCT::ColorToLabelMaps::CustomMap is not documented.
/home/travis/build/ithron/CortidQCT/include/CortidQCT/src/ColorToLabelMap.h:102: warning: Member Table (typedef) of class CortidQCT::ColorToLabelMaps::CustomMap is not documented.
/home/travis/build/ithron/CortidQCT/lib/DisplacementOptimizer.h:37: warning: Member DisplacementsWeightsPair (typedef) of class CortidQCT::Internal::DisplacementOptimizer is not documented.
/home/travis/build/ithron/CortidQCT/lib/DisplacementOptimizer.h:39: warning: Member DisplacementOptimizer(MeshFitter::Configuration const &config) (function) of class CortidQCT::Internal::DisplacementOptimizer is not documented.
/home/travis/build/ithron/CortidQCT/lib/WeightedARAPFitter.h:34: warning: Member Scalar (typedef) of class CortidQCT::Internal::WeightedARAPFitter is not documented.
/home/travis/build/ithron/CortidQCT/lib/WeightedARAPFitter.h:37: warning: The following parameters of CortidQCT::Internal::WeightedARAPFitter::WeightedARAPFitter(Mesh< T > const &referenceMesh, T sigma) are not documented:
  parameter 'sigma'
/home/travis/build/ithron/CortidQCT/lib/WeightedARAPFitter.h:44: warning: The following parameters of CortidQCT::Internal::WeightedARAPFitter::WeightedARAPFitter(Eigen::MatrixBase< DerivedV > const &V, Eigen::MatrixBase< DerivedF > const &F, T sigma) are not documented:
  parameter 'sigma'
/home/travis/build/ithron/CortidQCT/lib/CheckExtension.h:23: warning: Member extension(std::string const &filename) (function) of namespace CortidQCT::IO is not documented.
/home/travis/build/ithron/CortidQCT/lib/CheckExtension.h:33: warning: Member checkExtensions(std::string const &filename, Extensions &&extensions) (function) of namespace CortidQCT::IO is not documented.
/home/travis/build/ithron/CortidQCT/include/CortidQCT/src/ColorToLabelMap.h:31: warning: Member argument_type (typedef) of class std::hash< CortidQCT::ColorRGB > is not documented.
/home/travis/build/ithron/CortidQCT/include/CortidQCT/src/ColorToLabelMap.h:32: warning: Member result_type (typedef) of class std::hash< CortidQCT::ColorRGB > is not documented.
/home/travis/build/ithron/CortidQCT/include/CortidQCT/src/ColorToLabelMap.h:34: warning: Member operator()(argument_type const &comp) const noexcept (function) of class std::hash< CortidQCT::ColorRGB > is not documented.
This is pdfTeX, Version 3.1415926-2.5-1.40.14 (TeX Live 2013/Debian)
 restricted \write18 enabled.
entering extended mode
(./_formulas.tex
LaTeX2e <2011/06/27>
Babel <3.9h> and hyphenation patterns for 2 languages loaded.
(/usr/share/texlive/texmf-dist/tex/latex/base/article.cls
Document Class: article 2007/10/19 v1.4h Standard LaTeX document class
(/usr/share/texlive/texmf-dist/tex/latex/base/size10.clo))
(/usr/share/texlive/texmf-dist/tex/latex/graphics/epsfig.sty
(/usr/share/texlive/texmf-dist/tex/latex/graphics/graphicx.sty
(/usr/share/texlive/texmf-dist/tex/latex/graphics/keyval.sty)
(/usr/share/texlive/texmf-dist/tex/latex/graphics/graphics.sty
(/usr/share/texlive/texmf-dist/tex/latex/graphics/trig.sty)
(/usr/share/texlive/texmf-dist/tex/latex/latexconfig/graphics.cfg)
(/usr/share/texlive/texmf-dist/tex/latex/graphics/dvips.def))))
No file _formulas.aux.
[1] [2] [3] (./_formulas.aux) )
Output written on _formulas.dvi (3 pages, 488 bytes).
Transcript written on _formulas.log.
/home/travis/build/ithron/CortidQCT/README.md:116: warning: Unsupported xml/html tag <configurationFile> found
/home/travis/build/ithron/CortidQCT/README.md:116: warning: Unsupported xml/html tag <inputVolume> found
/home/travis/build/ithron/CortidQCT/README.md:116: warning: Unsupported xml/html tag <outputMesh> found
Mesh...
Generating docs for compound CortidQCT::Coordinate3D...
Generating docs for compound CortidQCT::MeshFitter...
Generating docs for nested compound CortidQCT::MeshFitter::Configuration...
Generating docs for nested compound CortidQCT::MeshFitter::Impl...
Generating docs for nested compound CortidQCT::MeshFitter::Result...
Generating docs for compound CortidQCT::VolumeSize...
Generating docs for compound CortidQCT::VoxelSize...
Generating docs for compound CortidQCT::VoxelVolume...
Generating docs for compound CortidQCT::MartrixIOWrapper...
Generating docs for compound CortidQCT::VolumeSampler...
Generating docs for compound CortidQCT::ModelSampler...
Generating docs for compound CortidQCT::Adaptor::Detail_::ConstructionHelper...
Generating docs for compound CortidQCT::Adaptor::Detail_::ConstructionHelper< T, 0 >...
Generating docs for compound CortidQCT::Adaptor::Detail_::ConstructionHelper< std::array< T, N >, 0 >...
Generating docs for namespace CortidQCT::ColorToLabelMaps
Generating docs for compound CortidQCT::ColorToLabelMaps::CustomMap...
Generating docs for compound CortidQCT::Internal::DisplacementOptimizer...
Generating docs for compound CortidQCT::Internal::WeightedARAPFitter...
Generating docs for namespace CortidQCT::IO
Generating docs for namespace CortidQCT::LabelToColorMaps
Generating docs for compound std::hash< CortidQCT::ColorRGB >...
Generating graph info page...
Generating directory documentation...
Generating bitmaps for formulas in HTML...
Generating image form_0.png for formula
Generating image form_1.png for formula
Generating image form_2.png for formula
Generating index page...
Generating page index...
Generating module index...
Generating namespace index...
Generating namespace member index...
Generating annotated compound index...
Generating alphabetical compound index...
Generating hierarchical class index...
Generating member index...
Generating file index...
Generating file member index...
Generating example index...
finalizing index lists...
lookup cache used 469/65536 hits=2567 misses=508
finished...
make[3]: Leaving directory `/home/travis/build/ithron/CortidQCT'
[100%] Built target doc
make[2]: Leaving directory `/home/travis/build/ithron/CortidQCT'
make[1]: Leaving directory `/home/travis/build/ithron/CortidQCT'
make: Leaving directory `/home/travis/build/ithron/CortidQCT'
